# JRE version: OpenJDK Runtime Environment (8.0_112-b06) (build 1.8.0_112-release-b06)
# Java VM: OpenJDK 64-Bit Server VM (25.112-b06 mixed mode windows-amd64 compressed oops)
Heap:
 PSYoungGen      total 147456K, used 86547K [0x00000000f5580000, 0x0000000100000000, 0x0000000100000000)
  eden space 121856K, 66% used [0x00000000f5580000,0x00000000fa48cc18,0x00000000fcc80000)
  from space 25600K, 21% used [0x00000000fcc80000,0x00000000fd1f8000,0x00000000fe580000)
  to   space 25088K, 0% used [0x00000000fe780000,0x00000000fe780000,0x0000000100000000)
 ParOldGen       total 229376K, used 168045K [0x00000000e0000000, 0x00000000ee000000, 0x00000000f5580000)
  object space 229376K, 73% used [0x00000000e0000000,0x00000000ea41b470,0x00000000ee000000)
 Metaspace       used 119022K, capacity 130786K, committed 133720K, reserved 1167360K
  class space    used 14372K, capacity 16082K, committed 16472K, reserved 1048576K
GC Heap History (10 events):
Event: 10160.599 GC heap before
{Heap before GC invocations=250 (full 13):
 PSYoungGen      total 124416K, used 110360K [0x00000000f5580000, 0x00000000ff900000, 0x0000000100000000)
  eden space 96256K, 99% used [0x00000000f5580000,0x00000000fb2f3d78,0x00000000fb380000)
  from space 28160K, 52% used [0x00000000fce00000,0x00000000fdc522c8,0x00000000fe980000)
  to   space 27136K, 0% used [0x00000000fb380000,0x00000000fb380000,0x00000000fce00000)
 ParOldGen       total 229376K, used 157761K [0x00000000e0000000, 0x00000000ee000000, 0x00000000f5580000)
  object space 229376K, 68% used [0x00000000e0000000,0x00000000e9a105a0,0x00000000ee000000)
 Metaspace       used 118882K, capacity 130490K, committed 133464K, reserved 1167360K
  class space    used 14357K, capacity 16060K, committed 16472K, reserved 1048576K
Event: 10160.611 GC heap after
Heap after GC invocations=250 (full 13):
 PSYoungGen      total 123392K, used 7742K [0x00000000f5580000, 0x00000000ffb00000, 0x0000000100000000)
  eden space 96256K, 0% used [0x00000000f5580000,0x00000000f5580000,0x00000000fb380000)
  from space 27136K, 28% used [0x00000000fb380000,0x00000000fbb0faf8,0x00000000fce00000)
  to   space 27136K, 0% used [0x00000000fe080000,0x00000000fe080000,0x00000000ffb00000)
 ParOldGen       total 229376K, used 164405K [0x00000000e0000000, 0x00000000ee000000, 0x00000000f5580000)
  object space 229376K, 71% used [0x00000000e0000000,0x00000000ea08d440,0x00000000ee000000)
 Metaspace       used 118882K, capacity 130490K, committed 133464K, reserved 1167360K
  class space    used 14357K, capacity 16060K, committed 16472K, reserved 1048576K
}
Event: 10214.409 GC heap before
{Heap before GC invocations=251 (full 13):
 PSYoungGen      total 123392K, used 103998K [0x00000000f5580000, 0x00000000ffb00000, 0x0000000100000000)
  eden space 96256K, 100% used [0x00000000f5580000,0x00000000fb380000,0x00000000fb380000)
  from space 27136K, 28% used [0x00000000fb380000,0x00000000fbb0faf8,0x00000000fce00000)
  to   space 27136K, 0% used [0x00000000fe080000,0x00000000fe080000,0x00000000ffb00000)
 ParOldGen       total 229376K, used 164405K [0x00000000e0000000, 0x00000000ee000000, 0x00000000f5580000)
  object space 229376K, 71% used [0x00000000e0000000,0x00000000ea08d440,0x00000000ee000000)
 Metaspace       used 118951K, capacity 130674K, committed 133720K, reserved 1167360K
  class space    used 14368K, capacity 16074K, committed 16472K, reserved 1048576K
Event: 10214.416 GC heap after
Heap after GC invocations=251 (full 13):
 PSYoungGen      total 140288K, used 6159K [0x00000000f5580000, 0x00000000ff980000, 0x0000000100000000)
  eden space 114688K, 0% used [0x00000000f5580000,0x00000000f5580000,0x00000000fc580000)
  from space 25600K, 24% used [0x00000000fe080000,0x00000000fe683d48,0x00000000ff980000)
  to   space 26624K, 0% used [0x00000000fc580000,0x00000000fc580000,0x00000000fdf80000)
 ParOldGen       total 229376K, used 164701K [0x00000000e0000000, 0x00000000ee000000, 0x00000000f5580000)
  object space 229376K, 71% used [0x00000000e0000000,0x00000000ea0d7440,0x00000000ee000000)
 Metaspace       used 118951K, capacity 130674K, committed 133720K, reserved 1167360K
  class space    used 14368K, capacity 16074K, committed 16472K, reserved 1048576K
}
Event: 10270.986 GC heap before
{Heap before GC invocations=252 (full 13):
 PSYoungGen      total 140288K, used 120847K [0x00000000f5580000, 0x00000000ff980000, 0x0000000100000000)
  eden space 114688K, 100% used [0x00000000f5580000,0x00000000fc580000,0x00000000fc580000)
  from space 25600K, 24% used [0x00000000fe080000,0x00000000fe683d48,0x00000000ff980000)
  to   space 26624K, 0% used [0x00000000fc580000,0x00000000fc580000,0x00000000fdf80000)
 ParOldGen       total 229376K, used 164701K [0x00000000e0000000, 0x00000000ee000000, 0x00000000f5580000)
  object space 229376K, 71% used [0x00000000e0000000,0x00000000ea0d7440,0x00000000ee000000)
 Metaspace       used 118970K, capacity 130686K, committed 133720K, reserved 1167360K
  class space    used 14369K, capacity 16076K, committed 16472K, reserved 1048576K
Event: 10270.996 GC heap after
Heap after GC invocations=252 (full 13):
 PSYoungGen      total 141312K, used 8208K [0x00000000f5580000, 0x0000000100000000, 0x0000000100000000)
  eden space 114688K, 0% used [0x00000000f5580000,0x00000000f5580000,0x00000000fc580000)
  from space 26624K, 30% used [0x00000000fc580000,0x00000000fcd84010,0x00000000fdf80000)
  to   space 26112K, 0% used [0x00000000fe680000,0x00000000fe680000,0x0000000100000000)
 ParOldGen       total 229376K, used 166584K [0x00000000e0000000, 0x00000000ee000000, 0x00000000f5580000)
  object space 229376K, 72% used [0x00000000e0000000,0x00000000ea2ae0a8,0x00000000ee000000)
 Metaspace       used 118970K, capacity 130686K, committed 133720K, reserved 1167360K
  class space    used 14369K, capacity 16076K, committed 16472K, reserved 1048576K
}
Event: 10272.088 GC heap before
{Heap before GC invocations=253 (full 13):
 PSYoungGen      total 141312K, used 121937K [0x00000000f5580000, 0x0000000100000000, 0x0000000100000000)
  eden space 114688K, 99% used [0x00000000f5580000,0x00000000fc490590,0x00000000fc580000)
  from space 26624K, 30% used [0x00000000fc580000,0x00000000fcd84010,0x00000000fdf80000)
  to   space 26112K, 0% used [0x00000000fe680000,0x00000000fe680000,0x0000000100000000)
 ParOldGen       total 229376K, used 166584K [0x00000000e0000000, 0x00000000ee000000, 0x00000000f5580000)
  object space 229376K, 72% used [0x00000000e0000000,0x00000000ea2ae0a8,0x00000000ee000000)
 Metaspace       used 118987K, capacity 130722K, committed 133720K, reserved 1167360K
  class space    used 14372K, capacity 16082K, committed 16472K, reserved 1048576K
Event: 10272.098 GC heap after
Heap after GC invocations=253 (full 13):
 PSYoungGen      total 146432K, used 6608K [0x00000000f5580000, 0x00000000ffe80000, 0x0000000100000000)
  eden space 121856K, 0% used [0x00000000f5580000,0x00000000f5580000,0x00000000fcc80000)
  from space 24576K, 26% used [0x00000000fe680000,0x00000000fecf4010,0x00000000ffe80000)
  to   space 25600K, 0% used [0x00000000fcc80000,0x00000000fcc80000,0x00000000fe580000)
 ParOldGen       total 229376K, used 167264K [0x00000000e0000000, 0x00000000ee000000, 0x00000000f5580000)
  object space 229376K, 72% used [0x00000000e0000000,0x00000000ea3580c8,0x00000000ee000000)
 Metaspace       used 118987K, capacity 130722K, committed 133720K, reserved 1167360K
  class space    used 14372K, capacity 16082K, committed 16472K, reserved 1048576K
}
Event: 10272.125 GC heap before
{Heap before GC invocations=254 (full 13):
 PSYoungGen      total 146432K, used 127498K [0x00000000f5580000, 0x00000000ffe80000, 0x0000000100000000)
  eden space 121856K, 99% used [0x00000000f5580000,0x00000000fcb8e9b0,0x00000000fcc80000)
  from space 24576K, 26% used [0x00000000fe680000,0x00000000fecf4010,0x00000000ffe80000)
  to   space 25600K, 0% used [0x00000000fcc80000,0x00000000fcc80000,0x00000000fe580000)
 ParOldGen       total 229376K, used 167264K [0x00000000e0000000, 0x00000000ee000000, 0x00000000f5580000)
  object space 229376K, 72% used [0x00000000e0000000,0x00000000ea3580c8,0x00000000ee000000)
 Metaspace       used 118987K, capacity 130722K, committed 133720K, reserved 1167360K
  class space    used 14372K, capacity 16082K, committed 16472K, reserved 1048576K
Event: 10272.134 GC heap after
Heap after GC invocations=254 (full 13):
 PSYoungGen      total 147456K, used 5600K [0x00000000f5580000, 0x0000000100000000, 0x0000000100000000)
  eden space 121856K, 0% used [0x00000000f5580000,0x00000000f5580000,0x00000000fcc80000)
  from space 25600K, 21% used [0x00000000fcc80000,0x00000000fd1f8000,0x00000000fe580000)
  to   space 25088K, 0% used [0x00000000fe780000,0x00000000fe780000,0x0000000100000000)
 ParOldGen       total 229376K, used 168045K [0x00000000e0000000, 0x00000000ee000000, 0x00000000f5580000)
  object space 229376K, 73% used [0x00000000e0000000,0x00000000ea41b470,0x00000000ee000000)
 Metaspace       used 118987K, capacity 130722K, committed 133720K, reserved 1167360K
  class space    used 14372K, capacity 16082K, committed 16472K, reserved 1048576K
}

